\BOOKMARK [1][-]{chapter.1}{1 Introducci\363n}{}% 1
\BOOKMARK [1][-]{chapter.2}{2 Estado de la cuesti\363n}{}% 2
\BOOKMARK [2][-]{section.2.1}{2.1 Procesado de la imagen}{chapter.2}% 3
\BOOKMARK [3][-]{subsection.2.1.1}{2.1.1 Filtros, detecci\363n de borde y detecci\363n de formas}{section.2.1}% 4
\BOOKMARK [3][-]{subsection.2.1.2}{2.1.2 Redes neuronales convolucionales}{section.2.1}% 5
\BOOKMARK [2][-]{section.2.2}{2.2 Rob\363tica industrial}{chapter.2}% 6
\BOOKMARK [1][-]{chapter.3}{3 Metodolog\355a de trabajo}{}% 7
\BOOKMARK [2][-]{section.3.1}{3.1 Motivaci\363n}{chapter.3}% 8
\BOOKMARK [2][-]{section.3.2}{3.2 Objetivos}{chapter.3}% 9
\BOOKMARK [2][-]{section.3.3}{3.3 Arquitectura del sistema}{chapter.3}% 10
\BOOKMARK [2][-]{section.3.4}{3.4 Herramientas}{chapter.3}% 11
\BOOKMARK [2][-]{section.3.5}{3.5 Cronograma}{chapter.3}% 12
\BOOKMARK [1][-]{chapter.4}{4 Generaci\363n de un dataset}{}% 13
\BOOKMARK [2][-]{section.4.1}{4.1 Estructura del dataset}{chapter.4}% 14
\BOOKMARK [2][-]{section.4.2}{4.2 Dataset real}{chapter.4}% 15
\BOOKMARK [2][-]{section.4.3}{4.3 Dataset sint\351tico}{chapter.4}% 16
\BOOKMARK [3][-]{subsection.4.3.1}{4.3.1 Herramientas}{section.4.3}% 17
\BOOKMARK [3][-]{subsection.4.3.2}{4.3.2 Arquitectura del generador de datasets}{section.4.3}% 18
\BOOKMARK [2][-]{section.4.4}{4.4 Resultados}{chapter.4}% 19
\BOOKMARK [1][-]{chapter.5}{5 Objetivos de desarrollo sostenible}{}% 20
\BOOKMARK [1][-]{section*.19}{Bibliograf\355a}{}% 21
